::1 - - [27/May/2018:23:25:06 +0300] "GET /admin HTTP/1.1" 200 21
::1 - - [28/May/2018:15:27:56 +0300] "GET / HTTP/1.1" 200 21
::1 - - [28/May/2018:15:28:01 +0300] "GET /asdfasdfasdf HTTP/1.1" 200 21
::1 - - [28/May/2018:15:28:05 +0300] "GET /favicon.ico HTTP/1.1" 200 21
::1 - - [28/May/2018:15:30:35 +0300] "GET /asdfasdfasdf HTTP/1.1" 200 134
::1 - - [28/May/2018:15:30:35 +0300] "GET /favicon.ico HTTP/1.1" 200 134
::1 - - [28/May/2018:15:32:06 +0300] "GET /asdfasdfasdf HTTP/1.1" 200 34
::1 - - [28/May/2018:15:32:06 +0300] "GET /favicon.ico HTTP/1.1" 200 33
::1 - - [28/May/2018:15:32:13 +0300] "GET /admin/add_category.php HTTP/1.1" 200 44
::1 - - [28/May/2018:15:32:13 +0300] "GET /favicon.ico HTTP/1.1" 200 33
::1 - - [28/May/2018:15:40:21 +0300] "GET /admin/add_category.php HTTP/1.1" 200 66
::1 - - [28/May/2018:15:40:22 +0300] "GET /favicon.ico HTTP/1.1" 200 45
::1 - - [28/May/2018:15:40:48 +0300] "GET / HTTP/1.1" 200 34
::1 - - [28/May/2018:15:40:48 +0300] "GET /favicon.ico HTTP/1.1" 200 45
::1 - - [28/May/2018:15:41:44 +0300] "GET /user/login HTTP/1.1" 200 59
::1 - - [28/May/2018:15:41:45 +0300] "GET /favicon.ico HTTP/1.1" 200 50
::1 - - [28/May/2018:15:42:57 +0300] "GET /user/login HTTP/1.1" 200 48
::1 - - [28/May/2018:15:42:57 +0300] "GET /favicon.ico HTTP/1.1" 200 39
::1 - - [28/May/2018:15:45:22 +0300] "GET /user/login HTTP/1.1" 200 48
::1 - - [28/May/2018:15:45:22 +0300] "GET /favicon.ico HTTP/1.1" 200 39
::1 - - [28/May/2018:15:51:56 +0300] "GET /user/login HTTP/1.1" 200 135
::1 - - [28/May/2018:15:51:57 +0300] "GET /favicon.ico HTTP/1.1" 200 104
