PHP Warning:  PHP Startup: Unable to load dynamic library 'C:/Server/bin/php/ext\\php_curl.dll' - \xef\xbf\xbd\xef\xbf\xbd \xef\xbf\xbd\xef\xbf\xbd\xef\xbf\xbd\xef\xbf\xbd\xef\xbf\xbd\xef\xbf\xbd \xef\xbf\xbd\xef\xbf\xbd\xef\xbf\xbd\xef\xbf\xbd\xef\xbf\xbd\xef\xbf\xbd\xef\xbf\xbd\xef\xbf\xbd \xef\xbf\xbd\xef\xbf\xbd\xef\xbf\xbd\xef\xbf\xbd\xef\xbf\xbd.\r\n in Unknown on line 0
PHP Warning:  PHP Startup: Unable to load dynamic library 'C:/Server/bin/php/ext\\php_intl.dll' - \xef\xbf\xbd\xef\xbf\xbd \xef\xbf\xbd\xef\xbf\xbd\xef\xbf\xbd\xef\xbf\xbd\xef\xbf\xbd\xef\xbf\xbd \xef\xbf\xbd\xef\xbf\xbd\xef\xbf\xbd\xef\xbf\xbd\xef\xbf\xbd\xef\xbf\xbd\xef\xbf\xbd\xef\xbf\xbd \xef\xbf\xbd\xef\xbf\xbd\xef\xbf\xbd\xef\xbf\xbd\xef\xbf\xbd.\r\n in Unknown on line 0
PHP Warning:  PHP Startup: Unable to load dynamic library 'C:/Server/bin/php/ext\\php_ldap.dll' - \xef\xbf\xbd\xef\xbf\xbd \xef\xbf\xbd\xef\xbf\xbd\xef\xbf\xbd\xef\xbf\xbd\xef\xbf\xbd\xef\xbf\xbd \xef\xbf\xbd\xef\xbf\xbd\xef\xbf\xbd\xef\xbf\xbd\xef\xbf\xbd\xef\xbf\xbd\xef\xbf\xbd\xef\xbf\xbd \xef\xbf\xbd\xef\xbf\xbd\xef\xbf\xbd\xef\xbf\xbd\xef\xbf\xbd.\r\n in Unknown on line 0
PHP Warning:  PHP Startup: Unable to load dynamic library 'C:/Server/bin/php/ext\\php_oci8_12c.dll' - \xef\xbf\xbd\xef\xbf\xbd \xef\xbf\xbd\xef\xbf\xbd\xef\xbf\xbd\xef\xbf\xbd\xef\xbf\xbd\xef\xbf\xbd \xef\xbf\xbd\xef\xbf\xbd\xef\xbf\xbd\xef\xbf\xbd\xef\xbf\xbd\xef\xbf\xbd\xef\xbf\xbd\xef\xbf\xbd \xef\xbf\xbd\xef\xbf\xbd\xef\xbf\xbd\xef\xbf\xbd\xef\xbf\xbd.\r\n in Unknown on line 0
PHP Warning:  PHP Startup: Unable to load dynamic library 'C:/Server/bin/php/ext\\php_pdo_pgsql.dll' - \xef\xbf\xbd\xef\xbf\xbd \xef\xbf\xbd\xef\xbf\xbd\xef\xbf\xbd\xef\xbf\xbd\xef\xbf\xbd\xef\xbf\xbd \xef\xbf\xbd\xef\xbf\xbd\xef\xbf\xbd\xef\xbf\xbd\xef\xbf\xbd\xef\xbf\xbd\xef\xbf\xbd\xef\xbf\xbd \xef\xbf\xbd\xef\xbf\xbd\xef\xbf\xbd\xef\xbf\xbd\xef\xbf\xbd.\r\n in Unknown on line 0
PHP Warning:  PHP Startup: Unable to load dynamic library 'C:/Server/bin/php/ext\\php_pgsql.dll' - \xef\xbf\xbd\xef\xbf\xbd \xef\xbf\xbd\xef\xbf\xbd\xef\xbf\xbd\xef\xbf\xbd\xef\xbf\xbd\xef\xbf\xbd \xef\xbf\xbd\xef\xbf\xbd\xef\xbf\xbd\xef\xbf\xbd\xef\xbf\xbd\xef\xbf\xbd\xef\xbf\xbd\xef\xbf\xbd \xef\xbf\xbd\xef\xbf\xbd\xef\xbf\xbd\xef\xbf\xbd\xef\xbf\xbd.\r\n in Unknown on line 0
[Tue May 22 11:26:10.321289 2018] [mpm_winnt:notice] [pid 1560:tid 388] AH00455: Apache/2.4.23 (Win64) PHP/7.0.9 configured -- resuming normal operations
[Tue May 22 11:26:10.321289 2018] [mpm_winnt:notice] [pid 1560:tid 388] AH00456: Apache Lounge VC14 Server built: Jul  1 2016 11:43:51
[Tue May 22 11:26:10.321289 2018] [core:notice] [pid 1560:tid 388] AH00094: Command line: 'c:\\Server\\bin\\Apache24\\bin\\httpd.exe -d C:/Server/bin/Apache24'
[Tue May 22 11:26:10.321289 2018] [mpm_winnt:notice] [pid 1560:tid 388] AH00418: Parent: Created child process 2732
PHP Warning:  PHP Startup: Unable to load dynamic library 'C:/Server/bin/php/ext\\php_curl.dll' - \xef\xbf\xbd\xef\xbf\xbd \xef\xbf\xbd\xef\xbf\xbd\xef\xbf\xbd\xef\xbf\xbd\xef\xbf\xbd\xef\xbf\xbd \xef\xbf\xbd\xef\xbf\xbd\xef\xbf\xbd\xef\xbf\xbd\xef\xbf\xbd\xef\xbf\xbd\xef\xbf\xbd\xef\xbf\xbd \xef\xbf\xbd\xef\xbf\xbd\xef\xbf\xbd\xef\xbf\xbd\xef\xbf\xbd.\r\n in Unknown on line 0
PHP Warning:  PHP Startup: Unable to load dynamic library 'C:/Server/bin/php/ext\\php_intl.dll' - \xef\xbf\xbd\xef\xbf\xbd \xef\xbf\xbd\xef\xbf\xbd\xef\xbf\xbd\xef\xbf\xbd\xef\xbf\xbd\xef\xbf\xbd \xef\xbf\xbd\xef\xbf\xbd\xef\xbf\xbd\xef\xbf\xbd\xef\xbf\xbd\xef\xbf\xbd\xef\xbf\xbd\xef\xbf\xbd \xef\xbf\xbd\xef\xbf\xbd\xef\xbf\xbd\xef\xbf\xbd\xef\xbf\xbd.\r\n in Unknown on line 0
PHP Warning:  PHP Startup: Unable to load dynamic library 'C:/Server/bin/php/ext\\php_ldap.dll' - \xef\xbf\xbd\xef\xbf\xbd \xef\xbf\xbd\xef\xbf\xbd\xef\xbf\xbd\xef\xbf\xbd\xef\xbf\xbd\xef\xbf\xbd \xef\xbf\xbd\xef\xbf\xbd\xef\xbf\xbd\xef\xbf\xbd\xef\xbf\xbd\xef\xbf\xbd\xef\xbf\xbd\xef\xbf\xbd \xef\xbf\xbd\xef\xbf\xbd\xef\xbf\xbd\xef\xbf\xbd\xef\xbf\xbd.\r\n in Unknown on line 0
PHP Warning:  PHP Startup: Unable to load dynamic library 'C:/Server/bin/php/ext\\php_oci8_12c.dll' - \xef\xbf\xbd\xef\xbf\xbd \xef\xbf\xbd\xef\xbf\xbd\xef\xbf\xbd\xef\xbf\xbd\xef\xbf\xbd\xef\xbf\xbd \xef\xbf\xbd\xef\xbf\xbd\xef\xbf\xbd\xef\xbf\xbd\xef\xbf\xbd\xef\xbf\xbd\xef\xbf\xbd\xef\xbf\xbd \xef\xbf\xbd\xef\xbf\xbd\xef\xbf\xbd\xef\xbf\xbd\xef\xbf\xbd.\r\n in Unknown on line 0
PHP Warning:  PHP Startup: Unable to load dynamic library 'C:/Server/bin/php/ext\\php_pdo_pgsql.dll' - \xef\xbf\xbd\xef\xbf\xbd \xef\xbf\xbd\xef\xbf\xbd\xef\xbf\xbd\xef\xbf\xbd\xef\xbf\xbd\xef\xbf\xbd \xef\xbf\xbd\xef\xbf\xbd\xef\xbf\xbd\xef\xbf\xbd\xef\xbf\xbd\xef\xbf\xbd\xef\xbf\xbd\xef\xbf\xbd \xef\xbf\xbd\xef\xbf\xbd\xef\xbf\xbd\xef\xbf\xbd\xef\xbf\xbd.\r\n in Unknown on line 0
PHP Warning:  PHP Startup: Unable to load dynamic library 'C:/Server/bin/php/ext\\php_pgsql.dll' - \xef\xbf\xbd\xef\xbf\xbd \xef\xbf\xbd\xef\xbf\xbd\xef\xbf\xbd\xef\xbf\xbd\xef\xbf\xbd\xef\xbf\xbd \xef\xbf\xbd\xef\xbf\xbd\xef\xbf\xbd\xef\xbf\xbd\xef\xbf\xbd\xef\xbf\xbd\xef\xbf\xbd\xef\xbf\xbd \xef\xbf\xbd\xef\xbf\xbd\xef\xbf\xbd\xef\xbf\xbd\xef\xbf\xbd.\r\n in Unknown on line 0
[Tue May 22 11:26:11.024414 2018] [mpm_winnt:notice] [pid 2732:tid 308] AH00354: Child: Starting 64 worker threads.
[Tue May 22 15:26:00.603515 2018] [:error] [pid 2732:tid 828] [client ::1:53499] PHP Parse error:  syntax error, unexpected 'require' (T_REQUIRE) in C:\\Server\\www\\init.php on line 36, referer: http://localhost/register.php
[Tue May 22 15:26:23.682617 2018] [:error] [pid 2732:tid 828] [client ::1:53509] PHP Notice:  Undefined variable: render_content in C:\\Server\\www\\tpl\\base.html on line 45, referer: http://localhost/register.php
[Tue May 22 15:26:23.683593 2018] [:error] [pid 2732:tid 828] [client ::1:53509] PHP Fatal error:  Uncaught Error: Function name must be a string in C:\\Server\\www\\tpl\\base.html:45\nStack trace:\n#0 C:\\Server\\www\\init.php(35): include()\n#1 C:\\Server\\www\\register.php(3): require_once('C:\\\\Server\\\\www\\\\i...')\n#2 {main}\n  thrown in C:\\Server\\www\\tpl\\base.html on line 45, referer: http://localhost/register.php
[Fri May 25 14:46:45.372070 2018] [:error] [pid 2420:tid 792] [client ::1:49430] PHP Parse error:  syntax error, unexpected '$user' (T_VARIABLE), expecting ',' or ';' in C:\\Server\\www\\init.php on line 40
[Fri May 25 15:01:28.092773 2018] [:error] [pid 2420:tid 816] [client ::1:49516] PHP Parse error:  syntax error, unexpected '}' in C:\\Server\\www\\functions.php on line 37, referer: http://localhost/
[Fri May 25 17:24:48.324218 2018] [:error] [pid 2420:tid 816] [client ::1:50299] PHP Notice:  Undefined variable: conn in C:\\Server\\www\\install.php on line 4
[Fri May 25 17:24:48.324218 2018] [:error] [pid 2420:tid 816] [client ::1:50299] PHP Warning:  mysqli_query() expects parameter 1 to be mysqli, null given in C:\\Server\\www\\install.php on line 9
[Fri May 25 17:24:48.324218 2018] [:error] [pid 2420:tid 816] [client ::1:50299] PHP Notice:  Undefined variable: conn in C:\\Server\\www\\install.php on line 12
[Fri May 25 17:24:48.324218 2018] [:error] [pid 2420:tid 816] [client ::1:50299] PHP Warning:  mysqli_query() expects parameter 1 to be mysqli, null given in C:\\Server\\www\\install.php on line 15
[Fri May 25 17:24:48.324218 2018] [:error] [pid 2420:tid 816] [client ::1:50299] PHP Notice:  Undefined variable: conn in C:\\Server\\www\\install.php on line 18
[Fri May 25 17:24:48.324218 2018] [:error] [pid 2420:tid 816] [client ::1:50299] PHP Warning:  mysqli_query() expects parameter 1 to be mysqli, null given in C:\\Server\\www\\install.php on line 21
[Fri May 25 17:24:48.324218 2018] [:error] [pid 2420:tid 816] [client ::1:50299] PHP Notice:  Undefined variable: conn in C:\\Server\\www\\install.php on line 24
[Fri May 25 17:24:48.324218 2018] [:error] [pid 2420:tid 816] [client ::1:50299] PHP Warning:  mysqli_query() expects parameter 1 to be mysqli, null given in C:\\Server\\www\\install.php on line 30
[Fri May 25 17:50:51.839843 2018] [:error] [pid 2420:tid 828] [client ::1:50355] script 'C:/Server/www/admin/category_form.php' not found or unable to stat
[Fri May 25 17:51:31.281250 2018] [:error] [pid 2420:tid 828] [client ::1:50367] script 'C:/Server/www/admin/add_category.php' not found or unable to stat
[Fri May 25 18:03:20.587890 2018] [:error] [pid 2420:tid 828] [client ::1:50406] PHP Parse error:  syntax error, unexpected ';', expecting '{' in C:\\Server\\www\\functions.php on line 69
[Fri May 25 18:06:17.423828 2018] [:error] [pid 2420:tid 828] [client ::1:50419] PHP Parse error:  syntax error, unexpected ';', expecting '{' in C:\\Server\\www\\functions.php on line 76
[Fri May 25 18:23:07.395507 2018] [:error] [pid 2420:tid 824] [client ::1:50564] script 'C:/Server/www/add_category.php' not found or unable to stat, referer: http://localhost/
[Fri May 25 18:23:37.881835 2018] [:error] [pid 2420:tid 824] [client ::1:50573] script 'C:/Server/www/add_category.php' not found or unable to stat, referer: http://localhost/
[Fri May 25 18:23:42.198242 2018] [:error] [pid 2420:tid 824] [client ::1:50573] script 'C:/Server/www/admin/add_maker.php' not found or unable to stat, referer: http://localhost/admin/add_category.php
[Fri May 25 18:23:47.960937 2018] [:error] [pid 2420:tid 824] [client ::1:50573] script 'C:/Server/www/admin/add_maker.php' not found or unable to stat, referer: http://localhost/admin/add_category.php
[Fri May 25 18:23:51.190429 2018] [:error] [pid 2420:tid 824] [client ::1:50573] script 'C:/Server/www/admin/add_maker.php' not found or unable to stat, referer: http://localhost/admin/add_category.php
[Fri May 25 18:23:58.613281 2018] [:error] [pid 2420:tid 824] [client ::1:50595] script 'C:/Server/www/admin/add_item.php' not found or unable to stat, referer: http://localhost/admin/add_category.php
[Fri May 25 18:46:52.960937 2018] [:error] [pid 2420:tid 824] [client ::1:50631] PHP Parse error:  syntax error, unexpected '$_SESSION' (T_VARIABLE) in C:\\Server\\www\\functions.php on line 96, referer: http://localhost/admin/add_category.php
[Fri May 25 19:54:20.743164 2018] [:error] [pid 2420:tid 800] [client ::1:50949] PHP Notice:  Undefined variable: makers in C:\\Server\\www\\tpl\\item_form.html on line 24, referer: http://localhost/admin/add_maker.php
[Fri May 25 19:54:20.743164 2018] [:error] [pid 2420:tid 800] [client ::1:50949] PHP Warning:  Invalid argument supplied for foreach() in C:\\Server\\www\\tpl\\item_form.html on line 24, referer: http://localhost/admin/add_maker.php
[Fri May 25 19:54:20.743164 2018] [:error] [pid 2420:tid 800] [client ::1:50949] PHP Notice:  Undefined variable: categories in C:\\Server\\www\\tpl\\item_form.html on line 35, referer: http://localhost/admin/add_maker.php
[Fri May 25 19:54:20.743164 2018] [:error] [pid 2420:tid 800] [client ::1:50949] PHP Warning:  Invalid argument supplied for foreach() in C:\\Server\\www\\tpl\\item_form.html on line 35, referer: http://localhost/admin/add_maker.php
[Fri May 25 19:55:22.661132 2018] [:error] [pid 2420:tid 800] [client ::1:50962] PHP Notice:  Undefined variable: makers in C:\\Server\\www\\tpl\\item_form.html on line 24, referer: http://localhost/admin/add_maker.php
[Fri May 25 19:55:22.661132 2018] [:error] [pid 2420:tid 800] [client ::1:50962] PHP Warning:  Invalid argument supplied for foreach() in C:\\Server\\www\\tpl\\item_form.html on line 24, referer: http://localhost/admin/add_maker.php
[Fri May 25 19:55:22.661132 2018] [:error] [pid 2420:tid 800] [client ::1:50962] PHP Notice:  Undefined variable: categories in C:\\Server\\www\\tpl\\item_form.html on line 35, referer: http://localhost/admin/add_maker.php
[Fri May 25 19:55:22.661132 2018] [:error] [pid 2420:tid 800] [client ::1:50962] PHP Warning:  Invalid argument supplied for foreach() in C:\\Server\\www\\tpl\\item_form.html on line 35, referer: http://localhost/admin/add_maker.php
[Fri May 25 20:01:41.830078 2018] [:error] [pid 2420:tid 800] [client ::1:50976] PHP Notice:  Undefined variable: conn in C:\\Server\\www\\admin\\add_item.php on line 13, referer: http://localhost/admin/add_maker.php
[Fri May 25 20:01:41.830078 2018] [:error] [pid 2420:tid 800] [client ::1:50976] PHP Warning:  mysqli_query() expects parameter 1 to be mysqli, null given in C:\\Server\\www\\admin\\add_item.php on line 13, referer: http://localhost/admin/add_maker.php
[Fri May 25 20:01:41.830078 2018] [:error] [pid 2420:tid 800] [client ::1:50976] PHP Notice:  Undefined variable: conn in C:\\Server\\www\\admin\\add_item.php on line 14, referer: http://localhost/admin/add_maker.php
[Fri May 25 20:01:41.830078 2018] [:error] [pid 2420:tid 800] [client ::1:50976] PHP Warning:  mysqli_query() expects parameter 1 to be mysqli, null given in C:\\Server\\www\\admin\\add_item.php on line 14, referer: http://localhost/admin/add_maker.php
[Fri May 25 20:01:41.831054 2018] [:error] [pid 2420:tid 800] [client ::1:50976] PHP Warning:  Invalid argument supplied for foreach() in C:\\Server\\www\\tpl\\item_form.html on line 24, referer: http://localhost/admin/add_maker.php
[Fri May 25 20:01:41.831054 2018] [:error] [pid 2420:tid 800] [client ::1:50976] PHP Notice:  Undefined variable: categories in C:\\Server\\www\\tpl\\item_form.html on line 35, referer: http://localhost/admin/add_maker.php
[Fri May 25 20:01:41.831054 2018] [:error] [pid 2420:tid 800] [client ::1:50976] PHP Warning:  Invalid argument supplied for foreach() in C:\\Server\\www\\tpl\\item_form.html on line 35, referer: http://localhost/admin/add_maker.php
[Fri May 25 20:02:53.641601 2018] [:error] [pid 2420:tid 800] [client ::1:50990] PHP Warning:  Invalid argument supplied for foreach() in C:\\Server\\www\\tpl\\item_form.html on line 24, referer: http://localhost/admin/add_maker.php
[Fri May 25 20:02:53.641601 2018] [:error] [pid 2420:tid 800] [client ::1:50990] PHP Notice:  Undefined variable: categories in C:\\Server\\www\\tpl\\item_form.html on line 35, referer: http://localhost/admin/add_maker.php
[Fri May 25 20:02:53.641601 2018] [:error] [pid 2420:tid 800] [client ::1:50990] PHP Warning:  Invalid argument supplied for foreach() in C:\\Server\\www\\tpl\\item_form.html on line 35, referer: http://localhost/admin/add_maker.php
[Fri May 25 20:03:00.619140 2018] [:error] [pid 2420:tid 800] [client ::1:50999] PHP Warning:  Invalid argument supplied for foreach() in C:\\Server\\www\\tpl\\item_form.html on line 24, referer: http://localhost/admin/add_maker.php
[Fri May 25 20:03:00.619140 2018] [:error] [pid 2420:tid 800] [client ::1:50999] PHP Notice:  Undefined variable: categories in C:\\Server\\www\\tpl\\item_form.html on line 35, referer: http://localhost/admin/add_maker.php
[Fri May 25 20:03:00.619140 2018] [:error] [pid 2420:tid 800] [client ::1:50999] PHP Warning:  Invalid argument supplied for foreach() in C:\\Server\\www\\tpl\\item_form.html on line 35, referer: http://localhost/admin/add_maker.php
[Fri May 25 20:04:36.038085 2018] [:error] [pid 2420:tid 800] [client ::1:51006] PHP Notice:  Undefined variable: categories in C:\\Server\\www\\tpl\\item_form.html on line 35, referer: http://localhost/admin/add_maker.php
[Fri May 25 20:04:36.038085 2018] [:error] [pid 2420:tid 800] [client ::1:51006] PHP Warning:  Invalid argument supplied for foreach() in C:\\Server\\www\\tpl\\item_form.html on line 35, referer: http://localhost/admin/add_maker.php
[Fri May 25 20:04:37.390625 2018] [:error] [pid 2420:tid 800] [client ::1:51006] PHP Notice:  Undefined variable: categories in C:\\Server\\www\\tpl\\item_form.html on line 35, referer: http://localhost/admin/add_maker.php
[Fri May 25 20:04:37.390625 2018] [:error] [pid 2420:tid 800] [client ::1:51006] PHP Warning:  Invalid argument supplied for foreach() in C:\\Server\\www\\tpl\\item_form.html on line 35, referer: http://localhost/admin/add_maker.php
[Fri May 25 20:08:05.993164 2018] [:error] [pid 2420:tid 816] [client ::1:51077] PHP Notice:  Undefined variable: categories in C:\\Server\\www\\tpl\\item_form.html on line 35, referer: http://localhost/admin/add_maker.php
[Fri May 25 20:08:05.993164 2018] [:error] [pid 2420:tid 816] [client ::1:51077] PHP Warning:  Invalid argument supplied for foreach() in C:\\Server\\www\\tpl\\item_form.html on line 35, referer: http://localhost/admin/add_maker.php
[Fri May 25 20:08:48.694335 2018] [:error] [pid 2420:tid 816] [client ::1:51085] PHP Notice:  Undefined variable: categories in C:\\Server\\www\\tpl\\item_form.html on line 35, referer: http://localhost/admin/add_maker.php
[Fri May 25 20:08:48.694335 2018] [:error] [pid 2420:tid 816] [client ::1:51085] PHP Warning:  Invalid argument supplied for foreach() in C:\\Server\\www\\tpl\\item_form.html on line 35, referer: http://localhost/admin/add_maker.php
[Fri May 25 20:09:32.628906 2018] [:error] [pid 2420:tid 816] [client ::1:51091] PHP Notice:  Undefined variable: categories in C:\\Server\\www\\tpl\\item_form.html on line 35, referer: http://localhost/admin/add_maker.php
[Fri May 25 20:09:32.628906 2018] [:error] [pid 2420:tid 816] [client ::1:51091] PHP Warning:  Invalid argument supplied for foreach() in C:\\Server\\www\\tpl\\item_form.html on line 35, referer: http://localhost/admin/add_maker.php
[Fri May 25 20:10:51.974609 2018] [:error] [pid 2420:tid 816] [client ::1:51098] PHP Notice:  Undefined variable: categories in C:\\Server\\www\\tpl\\item_form.html on line 35, referer: http://localhost/admin/add_maker.php
[Fri May 25 20:10:51.975585 2018] [:error] [pid 2420:tid 816] [client ::1:51098] PHP Warning:  Invalid argument supplied for foreach() in C:\\Server\\www\\tpl\\item_form.html on line 35, referer: http://localhost/admin/add_maker.php
[Fri May 25 20:11:15.720703 2018] [:error] [pid 2420:tid 816] [client ::1:51107] PHP Notice:  Undefined variable: categories in C:\\Server\\www\\tpl\\item_form.html on line 35, referer: http://localhost/admin/add_maker.php
[Fri May 25 20:11:15.721679 2018] [:error] [pid 2420:tid 816] [client ::1:51107] PHP Warning:  Invalid argument supplied for foreach() in C:\\Server\\www\\tpl\\item_form.html on line 35, referer: http://localhost/admin/add_maker.php
[Fri May 25 20:13:05.092773 2018] [:error] [pid 2420:tid 816] [client ::1:51117] PHP Notice:  Undefined variable: categories in C:\\Server\\www\\tpl\\item_form.html on line 35, referer: http://localhost/admin/add_maker.php
[Fri May 25 20:13:05.092773 2018] [:error] [pid 2420:tid 816] [client ::1:51117] PHP Warning:  Invalid argument supplied for foreach() in C:\\Server\\www\\tpl\\item_form.html on line 35, referer: http://localhost/admin/add_maker.php
[Fri May 25 20:14:30.551757 2018] [:error] [pid 2420:tid 816] [client ::1:51141] PHP Notice:  Undefined variable: categories in C:\\Server\\www\\tpl\\item_form.html on line 35, referer: http://localhost/admin/add_category.php
[Fri May 25 20:14:30.551757 2018] [:error] [pid 2420:tid 816] [client ::1:51141] PHP Warning:  Invalid argument supplied for foreach() in C:\\Server\\www\\tpl\\item_form.html on line 35, referer: http://localhost/admin/add_category.php
[Fri May 25 20:14:34.232421 2018] [:error] [pid 2420:tid 816] [client ::1:51141] PHP Notice:  Undefined variable: categories in C:\\Server\\www\\tpl\\item_form.html on line 35, referer: http://localhost/admin/add_category.php
[Fri May 25 20:14:34.232421 2018] [:error] [pid 2420:tid 816] [client ::1:51141] PHP Warning:  Invalid argument supplied for foreach() in C:\\Server\\www\\tpl\\item_form.html on line 35, referer: http://localhost/admin/add_category.php
[Fri May 25 20:17:35.233398 2018] [:error] [pid 2420:tid 816] [client ::1:51154] PHP Notice:  Undefined variable: categories in C:\\Server\\www\\tpl\\item_form.html on line 35, referer: http://localhost/admin/add_category.php
[Fri May 25 20:17:35.233398 2018] [:error] [pid 2420:tid 816] [client ::1:51154] PHP Warning:  Invalid argument supplied for foreach() in C:\\Server\\www\\tpl\\item_form.html on line 35, referer: http://localhost/admin/add_category.php
[Fri May 25 20:17:36.609375 2018] [:error] [pid 2420:tid 816] [client ::1:51154] PHP Notice:  Undefined variable: categories in C:\\Server\\www\\tpl\\item_form.html on line 35, referer: http://localhost/admin/add_category.php
[Fri May 25 20:17:36.609375 2018] [:error] [pid 2420:tid 816] [client ::1:51154] PHP Warning:  Invalid argument supplied for foreach() in C:\\Server\\www\\tpl\\item_form.html on line 35, referer: http://localhost/admin/add_category.php
[Fri May 25 20:17:37.845703 2018] [:error] [pid 2420:tid 816] [client ::1:51154] PHP Notice:  Undefined variable: categories in C:\\Server\\www\\tpl\\item_form.html on line 35, referer: http://localhost/admin/add_category.php
[Fri May 25 20:17:37.845703 2018] [:error] [pid 2420:tid 816] [client ::1:51154] PHP Warning:  Invalid argument supplied for foreach() in C:\\Server\\www\\tpl\\item_form.html on line 35, referer: http://localhost/admin/add_category.php
[Fri May 25 20:50:02.306640 2018] [:error] [pid 2420:tid 816] [client ::1:51240] PHP Notice:  Undefined variable: categories in C:\\Server\\www\\tpl\\item_form.html on line 35, referer: http://localhost/admin/add_category.php
[Fri May 25 20:50:02.306640 2018] [:error] [pid 2420:tid 816] [client ::1:51240] PHP Warning:  Invalid argument supplied for foreach() in C:\\Server\\www\\tpl\\item_form.html on line 35, referer: http://localhost/admin/add_category.php
[Fri May 25 20:50:04.332031 2018] [:error] [pid 2420:tid 816] [client ::1:51240] PHP Notice:  Undefined variable: categories in C:\\Server\\www\\tpl\\item_form.html on line 35, referer: http://localhost/admin/add_category.php
[Fri May 25 20:50:04.332031 2018] [:error] [pid 2420:tid 816] [client ::1:51240] PHP Warning:  Invalid argument supplied for foreach() in C:\\Server\\www\\tpl\\item_form.html on line 35, referer: http://localhost/admin/add_category.php
[Fri May 25 21:20:49.040039 2018] [:error] [pid 2420:tid 792] [client ::1:51410] PHP Notice:  Undefined variable: destination in C:\\Server\\www\\functions.php on line 153, referer: http://localhost/admin/add_item.php
[Sat May 26 04:10:11.164062 2018] [mpm_winnt:notice] [pid 1524:tid 272] AH00422: Parent: Received shutdown signal -- Shutting down the server.
[Sat May 26 04:10:17.164062 2018] [mpm_winnt:notice] [pid 2420:tid 308] AH00364: Child: All worker threads have exited.
[Sat May 26 04:10:17.492187 2018] [mpm_winnt:notice] [pid 1524:tid 272] AH00430: Parent: Child process 2420 exited successfully.
PHP Warning:  PHP Startup: Unable to load dynamic library 'C:/Server/bin/php/ext\\php_curl.dll' - \xef\xbf\xbd\xef\xbf\xbd \xef\xbf\xbd\xef\xbf\xbd\xef\xbf\xbd\xef\xbf\xbd\xef\xbf\xbd\xef\xbf\xbd \xef\xbf\xbd\xef\xbf\xbd\xef\xbf\xbd\xef\xbf\xbd\xef\xbf\xbd\xef\xbf\xbd\xef\xbf\xbd\xef\xbf\xbd \xef\xbf\xbd\xef\xbf\xbd\xef\xbf\xbd\xef\xbf\xbd\xef\xbf\xbd.\r\n in Unknown on line 0
PHP Warning:  PHP Startup: Unable to load dynamic library 'C:/Server/bin/php/ext\\php_intl.dll' - \xef\xbf\xbd\xef\xbf\xbd \xef\xbf\xbd\xef\xbf\xbd\xef\xbf\xbd\xef\xbf\xbd\xef\xbf\xbd\xef\xbf\xbd \xef\xbf\xbd\xef\xbf\xbd\xef\xbf\xbd\xef\xbf\xbd\xef\xbf\xbd\xef\xbf\xbd\xef\xbf\xbd\xef\xbf\xbd \xef\xbf\xbd\xef\xbf\xbd\xef\xbf\xbd\xef\xbf\xbd\xef\xbf\xbd.\r\n in Unknown on line 0
PHP Warning:  PHP Startup: Unable to load dynamic library 'C:/Server/bin/php/ext\\php_ldap.dll' - \xef\xbf\xbd\xef\xbf\xbd \xef\xbf\xbd\xef\xbf\xbd\xef\xbf\xbd\xef\xbf\xbd\xef\xbf\xbd\xef\xbf\xbd \xef\xbf\xbd\xef\xbf\xbd\xef\xbf\xbd\xef\xbf\xbd\xef\xbf\xbd\xef\xbf\xbd\xef\xbf\xbd\xef\xbf\xbd \xef\xbf\xbd\xef\xbf\xbd\xef\xbf\xbd\xef\xbf\xbd\xef\xbf\xbd.\r\n in Unknown on line 0
PHP Warning:  PHP Startup: Unable to load dynamic library 'C:/Server/bin/php/ext\\php_oci8_12c.dll' - \xef\xbf\xbd\xef\xbf\xbd \xef\xbf\xbd\xef\xbf\xbd\xef\xbf\xbd\xef\xbf\xbd\xef\xbf\xbd\xef\xbf\xbd \xef\xbf\xbd\xef\xbf\xbd\xef\xbf\xbd\xef\xbf\xbd\xef\xbf\xbd\xef\xbf\xbd\xef\xbf\xbd\xef\xbf\xbd \xef\xbf\xbd\xef\xbf\xbd\xef\xbf\xbd\xef\xbf\xbd\xef\xbf\xbd.\r\n in Unknown on line 0
PHP Warning:  PHP Startup: Unable to load dynamic library 'C:/Server/bin/php/ext\\php_pdo_pgsql.dll' - \xef\xbf\xbd\xef\xbf\xbd \xef\xbf\xbd\xef\xbf\xbd\xef\xbf\xbd\xef\xbf\xbd\xef\xbf\xbd\xef\xbf\xbd \xef\xbf\xbd\xef\xbf\xbd\xef\xbf\xbd\xef\xbf\xbd\xef\xbf\xbd\xef\xbf\xbd\xef\xbf\xbd\xef\xbf\xbd \xef\xbf\xbd\xef\xbf\xbd\xef\xbf\xbd\xef\xbf\xbd\xef\xbf\xbd.\r\n in Unknown on line 0
PHP Warning:  PHP Startup: Unable to load dynamic library 'C:/Server/bin/php/ext\\php_pgsql.dll' - \xef\xbf\xbd\xef\xbf\xbd \xef\xbf\xbd\xef\xbf\xbd\xef\xbf\xbd\xef\xbf\xbd\xef\xbf\xbd\xef\xbf\xbd \xef\xbf\xbd\xef\xbf\xbd\xef\xbf\xbd\xef\xbf\xbd\xef\xbf\xbd\xef\xbf\xbd\xef\xbf\xbd\xef\xbf\xbd \xef\xbf\xbd\xef\xbf\xbd\xef\xbf\xbd\xef\xbf\xbd\xef\xbf\xbd.\r\n in Unknown on line 0
[Sat May 26 09:54:03.243164 2018] [mpm_winnt:notice] [pid 2004:tid 388] AH00455: Apache/2.4.23 (Win64) PHP/7.0.9 configured -- resuming normal operations
[Sat May 26 09:54:03.243164 2018] [mpm_winnt:notice] [pid 2004:tid 388] AH00456: Apache Lounge VC14 Server built: Jul  1 2016 11:43:51
[Sat May 26 09:54:03.243164 2018] [core:notice] [pid 2004:tid 388] AH00094: Command line: 'c:\\Server\\bin\\Apache24\\bin\\httpd.exe -d C:/Server/bin/Apache24'
[Sat May 26 09:54:03.243164 2018] [mpm_winnt:notice] [pid 2004:tid 388] AH00418: Parent: Created child process 2724
PHP Warning:  PHP Startup: Unable to load dynamic library 'C:/Server/bin/php/ext\\php_curl.dll' - \xef\xbf\xbd\xef\xbf\xbd \xef\xbf\xbd\xef\xbf\xbd\xef\xbf\xbd\xef\xbf\xbd\xef\xbf\xbd\xef\xbf\xbd \xef\xbf\xbd\xef\xbf\xbd\xef\xbf\xbd\xef\xbf\xbd\xef\xbf\xbd\xef\xbf\xbd\xef\xbf\xbd\xef\xbf\xbd \xef\xbf\xbd\xef\xbf\xbd\xef\xbf\xbd\xef\xbf\xbd\xef\xbf\xbd.\r\n in Unknown on line 0
PHP Warning:  PHP Startup: Unable to load dynamic library 'C:/Server/bin/php/ext\\php_intl.dll' - \xef\xbf\xbd\xef\xbf\xbd \xef\xbf\xbd\xef\xbf\xbd\xef\xbf\xbd\xef\xbf\xbd\xef\xbf\xbd\xef\xbf\xbd \xef\xbf\xbd\xef\xbf\xbd\xef\xbf\xbd\xef\xbf\xbd\xef\xbf\xbd\xef\xbf\xbd\xef\xbf\xbd\xef\xbf\xbd \xef\xbf\xbd\xef\xbf\xbd\xef\xbf\xbd\xef\xbf\xbd\xef\xbf\xbd.\r\n in Unknown on line 0
PHP Warning:  PHP Startup: Unable to load dynamic library 'C:/Server/bin/php/ext\\php_ldap.dll' - \xef\xbf\xbd\xef\xbf\xbd \xef\xbf\xbd\xef\xbf\xbd\xef\xbf\xbd\xef\xbf\xbd\xef\xbf\xbd\xef\xbf\xbd \xef\xbf\xbd\xef\xbf\xbd\xef\xbf\xbd\xef\xbf\xbd\xef\xbf\xbd\xef\xbf\xbd\xef\xbf\xbd\xef\xbf\xbd \xef\xbf\xbd\xef\xbf\xbd\xef\xbf\xbd\xef\xbf\xbd\xef\xbf\xbd.\r\n in Unknown on line 0
PHP Warning:  PHP Startup: Unable to load dynamic library 'C:/Server/bin/php/ext\\php_oci8_12c.dll' - \xef\xbf\xbd\xef\xbf\xbd \xef\xbf\xbd\xef\xbf\xbd\xef\xbf\xbd\xef\xbf\xbd\xef\xbf\xbd\xef\xbf\xbd \xef\xbf\xbd\xef\xbf\xbd\xef\xbf\xbd\xef\xbf\xbd\xef\xbf\xbd\xef\xbf\xbd\xef\xbf\xbd\xef\xbf\xbd \xef\xbf\xbd\xef\xbf\xbd\xef\xbf\xbd\xef\xbf\xbd\xef\xbf\xbd.\r\n in Unknown on line 0
PHP Warning:  PHP Startup: Unable to load dynamic library 'C:/Server/bin/php/ext\\php_pdo_pgsql.dll' - \xef\xbf\xbd\xef\xbf\xbd \xef\xbf\xbd\xef\xbf\xbd\xef\xbf\xbd\xef\xbf\xbd\xef\xbf\xbd\xef\xbf\xbd \xef\xbf\xbd\xef\xbf\xbd\xef\xbf\xbd\xef\xbf\xbd\xef\xbf\xbd\xef\xbf\xbd\xef\xbf\xbd\xef\xbf\xbd \xef\xbf\xbd\xef\xbf\xbd\xef\xbf\xbd\xef\xbf\xbd\xef\xbf\xbd.\r\n in Unknown on line 0
PHP Warning:  PHP Startup: Unable to load dynamic library 'C:/Server/bin/php/ext\\php_pgsql.dll' - \xef\xbf\xbd\xef\xbf\xbd \xef\xbf\xbd\xef\xbf\xbd\xef\xbf\xbd\xef\xbf\xbd\xef\xbf\xbd\xef\xbf\xbd \xef\xbf\xbd\xef\xbf\xbd\xef\xbf\xbd\xef\xbf\xbd\xef\xbf\xbd\xef\xbf\xbd\xef\xbf\xbd\xef\xbf\xbd \xef\xbf\xbd\xef\xbf\xbd\xef\xbf\xbd\xef\xbf\xbd\xef\xbf\xbd.\r\n in Unknown on line 0
[Sat May 26 09:54:04.086914 2018] [mpm_winnt:notice] [pid 2724:tid 308] AH00354: Child: Starting 64 worker threads.
[Sat May 26 10:18:03.484375 2018] [core:warn] [pid 1980:tid 272] AH00098: pid file C:/Server/bin/Apache24/logs/httpd.pid overwritten -- Unclean shutdown of previous Apache run?
PHP Warning:  PHP Startup: Unable to load dynamic library 'C:/Server/bin/php/ext\\php_curl.dll' - \xef\xbf\xbd\xef\xbf\xbd \xef\xbf\xbd\xef\xbf\xbd\xef\xbf\xbd\xef\xbf\xbd\xef\xbf\xbd\xef\xbf\xbd \xef\xbf\xbd\xef\xbf\xbd\xef\xbf\xbd\xef\xbf\xbd\xef\xbf\xbd\xef\xbf\xbd\xef\xbf\xbd\xef\xbf\xbd \xef\xbf\xbd\xef\xbf\xbd\xef\xbf\xbd\xef\xbf\xbd\xef\xbf\xbd.\r\n in Unknown on line 0
PHP Warning:  PHP Startup: Unable to load dynamic library 'C:/Server/bin/php/ext\\php_intl.dll' - \xef\xbf\xbd\xef\xbf\xbd \xef\xbf\xbd\xef\xbf\xbd\xef\xbf\xbd\xef\xbf\xbd\xef\xbf\xbd\xef\xbf\xbd \xef\xbf\xbd\xef\xbf\xbd\xef\xbf\xbd\xef\xbf\xbd\xef\xbf\xbd\xef\xbf\xbd\xef\xbf\xbd\xef\xbf\xbd \xef\xbf\xbd\xef\xbf\xbd\xef\xbf\xbd\xef\xbf\xbd\xef\xbf\xbd.\r\n in Unknown on line 0
PHP Warning:  PHP Startup: Unable to load dynamic library 'C:/Server/bin/php/ext\\php_ldap.dll' - \xef\xbf\xbd\xef\xbf\xbd \xef\xbf\xbd\xef\xbf\xbd\xef\xbf\xbd\xef\xbf\xbd\xef\xbf\xbd\xef\xbf\xbd \xef\xbf\xbd\xef\xbf\xbd\xef\xbf\xbd\xef\xbf\xbd\xef\xbf\xbd\xef\xbf\xbd\xef\xbf\xbd\xef\xbf\xbd \xef\xbf\xbd\xef\xbf\xbd\xef\xbf\xbd\xef\xbf\xbd\xef\xbf\xbd.\r\n in Unknown on line 0
PHP Warning:  PHP Startup: Unable to load dynamic library 'C:/Server/bin/php/ext\\php_oci8_12c.dll' - \xef\xbf\xbd\xef\xbf\xbd \xef\xbf\xbd\xef\xbf\xbd\xef\xbf\xbd\xef\xbf\xbd\xef\xbf\xbd\xef\xbf\xbd \xef\xbf\xbd\xef\xbf\xbd\xef\xbf\xbd\xef\xbf\xbd\xef\xbf\xbd\xef\xbf\xbd\xef\xbf\xbd\xef\xbf\xbd \xef\xbf\xbd\xef\xbf\xbd\xef\xbf\xbd\xef\xbf\xbd\xef\xbf\xbd.\r\n in Unknown on line 0
PHP Warning:  PHP Startup: Unable to load dynamic library 'C:/Server/bin/php/ext\\php_pdo_pgsql.dll' - \xef\xbf\xbd\xef\xbf\xbd \xef\xbf\xbd\xef\xbf\xbd\xef\xbf\xbd\xef\xbf\xbd\xef\xbf\xbd\xef\xbf\xbd \xef\xbf\xbd\xef\xbf\xbd\xef\xbf\xbd\xef\xbf\xbd\xef\xbf\xbd\xef\xbf\xbd\xef\xbf\xbd\xef\xbf\xbd \xef\xbf\xbd\xef\xbf\xbd\xef\xbf\xbd\xef\xbf\xbd\xef\xbf\xbd.\r\n in Unknown on line 0
PHP Warning:  PHP Startup: Unable to load dynamic library 'C:/Server/bin/php/ext\\php_pgsql.dll' - \xef\xbf\xbd\xef\xbf\xbd \xef\xbf\xbd\xef\xbf\xbd\xef\xbf\xbd\xef\xbf\xbd\xef\xbf\xbd\xef\xbf\xbd \xef\xbf\xbd\xef\xbf\xbd\xef\xbf\xbd\xef\xbf\xbd\xef\xbf\xbd\xef\xbf\xbd\xef\xbf\xbd\xef\xbf\xbd \xef\xbf\xbd\xef\xbf\xbd\xef\xbf\xbd\xef\xbf\xbd\xef\xbf\xbd.\r\n in Unknown on line 0
[Sat May 26 10:18:17.352539 2018] [mpm_winnt:notice] [pid 1980:tid 272] AH00455: Apache/2.4.23 (Win64) PHP/7.0.9 configured -- resuming normal operations
[Sat May 26 10:18:17.352539 2018] [mpm_winnt:notice] [pid 1980:tid 272] AH00456: Apache Lounge VC14 Server built: Jul  1 2016 11:43:51
[Sat May 26 10:18:17.352539 2018] [core:notice] [pid 1980:tid 272] AH00094: Command line: 'c:\\Server\\bin\\Apache24\\bin\\httpd.exe -d C:/Server/bin/Apache24'
[Sat May 26 10:18:17.352539 2018] [mpm_winnt:notice] [pid 1980:tid 272] AH00418: Parent: Created child process 2720
PHP Warning:  PHP Startup: Unable to load dynamic library 'C:/Server/bin/php/ext\\php_curl.dll' - \xef\xbf\xbd\xef\xbf\xbd \xef\xbf\xbd\xef\xbf\xbd\xef\xbf\xbd\xef\xbf\xbd\xef\xbf\xbd\xef\xbf\xbd \xef\xbf\xbd\xef\xbf\xbd\xef\xbf\xbd\xef\xbf\xbd\xef\xbf\xbd\xef\xbf\xbd\xef\xbf\xbd\xef\xbf\xbd \xef\xbf\xbd\xef\xbf\xbd\xef\xbf\xbd\xef\xbf\xbd\xef\xbf\xbd.\r\n in Unknown on line 0
PHP Warning:  PHP Startup: Unable to load dynamic library 'C:/Server/bin/php/ext\\php_intl.dll' - \xef\xbf\xbd\xef\xbf\xbd \xef\xbf\xbd\xef\xbf\xbd\xef\xbf\xbd\xef\xbf\xbd\xef\xbf\xbd\xef\xbf\xbd \xef\xbf\xbd\xef\xbf\xbd\xef\xbf\xbd\xef\xbf\xbd\xef\xbf\xbd\xef\xbf\xbd\xef\xbf\xbd\xef\xbf\xbd \xef\xbf\xbd\xef\xbf\xbd\xef\xbf\xbd\xef\xbf\xbd\xef\xbf\xbd.\r\n in Unknown on line 0
PHP Warning:  PHP Startup: Unable to load dynamic library 'C:/Server/bin/php/ext\\php_ldap.dll' - \xef\xbf\xbd\xef\xbf\xbd \xef\xbf\xbd\xef\xbf\xbd\xef\xbf\xbd\xef\xbf\xbd\xef\xbf\xbd\xef\xbf\xbd \xef\xbf\xbd\xef\xbf\xbd\xef\xbf\xbd\xef\xbf\xbd\xef\xbf\xbd\xef\xbf\xbd\xef\xbf\xbd\xef\xbf\xbd \xef\xbf\xbd\xef\xbf\xbd\xef\xbf\xbd\xef\xbf\xbd\xef\xbf\xbd.\r\n in Unknown on line 0
PHP Warning:  PHP Startup: Unable to load dynamic library 'C:/Server/bin/php/ext\\php_oci8_12c.dll' - \xef\xbf\xbd\xef\xbf\xbd \xef\xbf\xbd\xef\xbf\xbd\xef\xbf\xbd\xef\xbf\xbd\xef\xbf\xbd\xef\xbf\xbd \xef\xbf\xbd\xef\xbf\xbd\xef\xbf\xbd\xef\xbf\xbd\xef\xbf\xbd\xef\xbf\xbd\xef\xbf\xbd\xef\xbf\xbd \xef\xbf\xbd\xef\xbf\xbd\xef\xbf\xbd\xef\xbf\xbd\xef\xbf\xbd.\r\n in Unknown on line 0
PHP Warning:  PHP Startup: Unable to load dynamic library 'C:/Server/bin/php/ext\\php_pdo_pgsql.dll' - \xef\xbf\xbd\xef\xbf\xbd \xef\xbf\xbd\xef\xbf\xbd\xef\xbf\xbd\xef\xbf\xbd\xef\xbf\xbd\xef\xbf\xbd \xef\xbf\xbd\xef\xbf\xbd\xef\xbf\xbd\xef\xbf\xbd\xef\xbf\xbd\xef\xbf\xbd\xef\xbf\xbd\xef\xbf\xbd \xef\xbf\xbd\xef\xbf\xbd\xef\xbf\xbd\xef\xbf\xbd\xef\xbf\xbd.\r\n in Unknown on line 0
PHP Warning:  PHP Startup: Unable to load dynamic library 'C:/Server/bin/php/ext\\php_pgsql.dll' - \xef\xbf\xbd\xef\xbf\xbd \xef\xbf\xbd\xef\xbf\xbd\xef\xbf\xbd\xef\xbf\xbd\xef\xbf\xbd\xef\xbf\xbd \xef\xbf\xbd\xef\xbf\xbd\xef\xbf\xbd\xef\xbf\xbd\xef\xbf\xbd\xef\xbf\xbd\xef\xbf\xbd\xef\xbf\xbd \xef\xbf\xbd\xef\xbf\xbd\xef\xbf\xbd\xef\xbf\xbd\xef\xbf\xbd.\r\n in Unknown on line 0
[Sat May 26 10:18:17.993164 2018] [mpm_winnt:notice] [pid 2720:tid 308] AH00354: Child: Starting 64 worker threads.
